==================================================
爆文采集 v3 — Reddit + YouTube — 2026-07-09
==================================================
输出目录: D:\WorkBuddyProjects\ziliaoku\data\raw\2026-07-09

[backfill] 补全 17 个 YouTube 文件字幕（opencli transcript）
    ✓ 补全 77_yt_學長Ethan.md (12967 字)
    ~ 跳过（无字幕）78_yt_秋芝2046.md
    ~ 跳过（无字幕）79_yt_365影像笔记.md
    ~ 跳过（无字幕）80_yt_聚梦小课堂.md
    ✓ 补全 84_yt_NateHerkAIAu.md (22463 字)
    ✓ 补全 85_yt_TraversyMedi.md (58693 字)
    ✓ 补全 86_yt_SebastianKam.md (33960 字)
    ✓ 补全 87_yt_KevinStratve.md (10406 字)
    ✓ 补全 88_yt_AIVideoSchoo.md (5469 字)
    ✓ 补全 89_yt_JakeDawson.md (17550 字)
    ✓ 补全 90_yt_ModernMillie.md (174642 字)
    ✓ 补全 91_yt_JoannaWiebe.md (14037 字)
    ✓ 补全 92_yt_WholesaleTed.md (23891 字)
    ✓ 补全 93_yt_PatrickDang.md (34248 字)
    ✓ 补全 81_ytwl_TechWithTim.md (43108 字)
    ✓ 补全 82_ytwl_TechWithTim.md (30913 字)
    ✓ 补全 83_ytwl_TechWithTim.md (20023 字)
[backfill] 完成，补全 14 条
